<?xml version="1.0" encoding="UTF-8"?>
<!-- Generated by org.testng.reporters.JUnitReportReporter -->
<testsuite skipped="0" hostname="GameDesktop" name="com.nopCommerce.TestCases.TC_AddCustomerTest_003" tests="1" failures="0" timestamp="18 Apr 2019 00:14:15 GMT" time="12.605" errors="0">
  <testcase name="addNewCustomer" time="12.605" classname="com.nopCommerce.TestCases.TC_AddCustomerTest_003"/>
</testsuite> <!-- com.nopCommerce.TestCases.TC_AddCustomerTest_003 -->
