<?xml version="1.0" encoding="UTF-8"?>
<!-- Generated by org.testng.reporters.JUnitReportReporter -->
<testsuite skipped="0" hostname="GameDesktop" name="com.nopCommerce.TestCases.TC_LoginTest_001" tests="1" failures="0" timestamp="20 Apr 2019 14:33:11 GMT" time="7.919" errors="0">
  <testcase name="loginTest" time="7.919" classname="com.nopCommerce.TestCases.TC_LoginTest_001"/>
</testsuite> <!-- com.nopCommerce.TestCases.TC_LoginTest_001 -->
